{"C:\\Users\\Gustavo\\Documents\\repos\\recrutamento-compasso-react-native\\src\\App.tsx": {"path":"C:\\Users\\Gustavo\\Documents\\repos\\recrutamento-compasso-react-native\\src\\App.tsx","statementMap":{"0":{"start":{"line":10,"column":19},"end":{"line":21,"column":1}},"1":{"start":{"line":11,"column":2},"end":{"line":20,"column":3}},"2":{"start":{"line":23,"column":18},"end":{"line":27,"column":1}}},"fnMap":{"0":{"name":"(anonymous_0)","decl":{"start":{"line":10,"column":19},"end":{"line":10,"column":20}},"loc":{"start":{"line":10,"column":25},"end":{"line":21,"column":1}},"line":10}},"branchMap":{},"s":{"0":1,"1":1,"2":1},"f":{"0":1},"b":{},"_coverageSchema":"1a1c01bbd47fc00a2c39e90264f33305004495a9","hash":"62b36874789490bb6e5cea8be0e9e2ffc3f7a1bb"}
,"C:\\Users\\Gustavo\\Documents\\repos\\recrutamento-compasso-react-native\\src\\constants.ts": {"path":"C:\\Users\\Gustavo\\Documents\\repos\\recrutamento-compasso-react-native\\src\\constants.ts","statementMap":{"0":{"start":{"line":1,"column":22},"end":{"line":1,"column":59}},"1":{"start":{"line":3,"column":28},"end":{"line":3,"column":31}},"2":{"start":{"line":5,"column":21},"end":{"line":8,"column":1}}},"fnMap":{},"branchMap":{},"s":{"0":5,"1":5,"2":5},"f":{},"b":{},"_coverageSchema":"1a1c01bbd47fc00a2c39e90264f33305004495a9","hash":"82ce7bb2da9688a325b1b08cce5d47e185acf308"}
,"C:\\Users\\Gustavo\\Documents\\repos\\recrutamento-compasso-react-native\\src\\components\\Header\\Header.tsx": {"path":"C:\\Users\\Gustavo\\Documents\\repos\\recrutamento-compasso-react-native\\src\\components\\Header\\Header.tsx","statementMap":{"0":{"start":{"line":7,"column":22},"end":{"line":20,"column":1}},"1":{"start":{"line":8,"column":19},"end":{"line":8,"column":32}},"2":{"start":{"line":9,"column":19},"end":{"line":9,"column":64}},"3":{"start":{"line":9,"column":52},"end":{"line":9,"column":63}},"4":{"start":{"line":10,"column":21},"end":{"line":10,"column":29}},"5":{"start":{"line":11,"column":2},"end":{"line":19,"column":4}},"6":{"start":{"line":14,"column":8},"end":{"line":16,"column":17}},"7":{"start":{"line":14,"column":48},"end":{"line":14,"column":102}}},"fnMap":{"0":{"name":"(anonymous_0)","decl":{"start":{"line":7,"column":22},"end":{"line":7,"column":23}},"loc":{"start":{"line":7,"column":28},"end":{"line":20,"column":1}},"line":7},"1":{"name":"(anonymous_1)","decl":{"start":{"line":9,"column":31},"end":{"line":9,"column":32}},"loc":{"start":{"line":9,"column":52},"end":{"line":9,"column":63}},"line":9},"2":{"name":"(anonymous_2)","decl":{"start":{"line":13,"column":17},"end":{"line":13,"column":18}},"loc":{"start":{"line":14,"column":8},"end":{"line":16,"column":17}},"line":14},"3":{"name":"(anonymous_3)","decl":{"start":{"line":14,"column":42},"end":{"line":14,"column":43}},"loc":{"start":{"line":14,"column":48},"end":{"line":14,"column":102}},"line":14}},"branchMap":{},"s":{"0":2,"1":4,"2":4,"3":9,"4":4,"5":4,"6":8,"7":1},"f":{"0":4,"1":9,"2":8,"3":1},"b":{},"_coverageSchema":"1a1c01bbd47fc00a2c39e90264f33305004495a9","hash":"0bdf47f20d922e11a0638c6bb5bcde9b3a8d4cda"}
,"C:\\Users\\Gustavo\\Documents\\repos\\recrutamento-compasso-react-native\\src\\components\\Header\\styles.ts": {"path":"C:\\Users\\Gustavo\\Documents\\repos\\recrutamento-compasso-react-native\\src\\components\\Header\\styles.ts","statementMap":{"0":{"start":{"line":3,"column":23},"end":{"line":6,"column":1}},"1":{"start":{"line":8,"column":22},"end":{"line":16,"column":1}},"2":{"start":{"line":14,"column":27},"end":{"line":14,"column":65}},"3":{"start":{"line":18,"column":21},"end":{"line":21,"column":1}},"4":{"start":{"line":19,"column":21},"end":{"line":19,"column":56}}},"fnMap":{"0":{"name":"(anonymous_0)","decl":{"start":{"line":14,"column":17},"end":{"line":14,"column":18}},"loc":{"start":{"line":14,"column":27},"end":{"line":14,"column":65}},"line":14},"1":{"name":"(anonymous_1)","decl":{"start":{"line":19,"column":11},"end":{"line":19,"column":12}},"loc":{"start":{"line":19,"column":21},"end":{"line":19,"column":56}},"line":19}},"branchMap":{"0":{"loc":{"start":{"line":14,"column":27},"end":{"line":14,"column":65}},"type":"cond-expr","locations":[{"start":{"line":14,"column":44},"end":{"line":14,"column":53}},{"start":{"line":14,"column":56},"end":{"line":14,"column":65}}],"line":14},"1":{"loc":{"start":{"line":19,"column":21},"end":{"line":19,"column":56}},"type":"cond-expr","locations":[{"start":{"line":19,"column":38},"end":{"line":19,"column":47}},{"start":{"line":19,"column":50},"end":{"line":19,"column":56}}],"line":19}},"s":{"0":2,"1":2,"2":8,"3":2,"4":8},"f":{"0":8,"1":8},"b":{"0":[4,4],"1":[4,4]},"_coverageSchema":"1a1c01bbd47fc00a2c39e90264f33305004495a9","hash":"379d9d224c049708c41796be49fd849ca997ed6b"}
,"C:\\Users\\Gustavo\\Documents\\repos\\recrutamento-compasso-react-native\\src\\components\\NewsDetails\\NewsDetails.tsx": {"path":"C:\\Users\\Gustavo\\Documents\\repos\\recrutamento-compasso-react-native\\src\\components\\NewsDetails\\NewsDetails.tsx","statementMap":{"0":{"start":{"line":7,"column":27},"end":{"line":48,"column":1}},"1":{"start":{"line":8,"column":19},"end":{"line":8,"column":32}},"2":{"start":{"line":9,"column":19},"end":{"line":9,"column":66}},"3":{"start":{"line":9,"column":53},"end":{"line":9,"column":65}},"4":{"start":{"line":10,"column":25},"end":{"line":10,"column":33}},"5":{"start":{"line":11,"column":52},"end":{"line":11,"column":56}},"6":{"start":{"line":13,"column":22},"end":{"line":15,"column":3}},"7":{"start":{"line":14,"column":4},"end":{"line":14,"column":53}},"8":{"start":{"line":17,"column":21},"end":{"line":19,"column":3}},"9":{"start":{"line":18,"column":4},"end":{"line":18,"column":29}},"10":{"start":{"line":21,"column":2},"end":{"line":23,"column":3}},"11":{"start":{"line":22,"column":4},"end":{"line":22,"column":16}},"12":{"start":{"line":25,"column":2},"end":{"line":47,"column":4}}},"fnMap":{"0":{"name":"(anonymous_0)","decl":{"start":{"line":7,"column":27},"end":{"line":7,"column":28}},"loc":{"start":{"line":7,"column":33},"end":{"line":48,"column":1}},"line":7},"1":{"name":"(anonymous_1)","decl":{"start":{"line":9,"column":31},"end":{"line":9,"column":32}},"loc":{"start":{"line":9,"column":53},"end":{"line":9,"column":65}},"line":9},"2":{"name":"(anonymous_2)","decl":{"start":{"line":13,"column":22},"end":{"line":13,"column":23}},"loc":{"start":{"line":13,"column":28},"end":{"line":15,"column":3}},"line":13},"3":{"name":"(anonymous_3)","decl":{"start":{"line":17,"column":21},"end":{"line":17,"column":22}},"loc":{"start":{"line":17,"column":27},"end":{"line":19,"column":3}},"line":17}},"branchMap":{"0":{"loc":{"start":{"line":21,"column":2},"end":{"line":23,"column":3}},"type":"if","locations":[{"start":{"line":21,"column":2},"end":{"line":23,"column":3}},{"start":{"line":21,"column":2},"end":{"line":23,"column":3}}],"line":21}},"s":{"0":2,"1":5,"2":5,"3":12,"4":5,"5":5,"6":5,"7":1,"8":5,"9":1,"10":5,"11":2,"12":3},"f":{"0":5,"1":12,"2":1,"3":1},"b":{"0":[2,3]},"_coverageSchema":"1a1c01bbd47fc00a2c39e90264f33305004495a9","hash":"fcbaf8c9c964e660ba42e52af548bab281197790"}
,"C:\\Users\\Gustavo\\Documents\\repos\\recrutamento-compasso-react-native\\src\\components\\NewsDetails\\styles.ts": {"path":"C:\\Users\\Gustavo\\Documents\\repos\\recrutamento-compasso-react-native\\src\\components\\NewsDetails\\styles.ts","statementMap":{"0":{"start":{"line":4,"column":30},"end":{"line":18,"column":1}},"1":{"start":{"line":20,"column":21},"end":{"line":27,"column":1}},"2":{"start":{"line":29,"column":24},"end":{"line":31,"column":1}},"3":{"start":{"line":33,"column":25},"end":{"line":37,"column":1}},"4":{"start":{"line":39,"column":24},"end":{"line":42,"column":1}},"5":{"start":{"line":44,"column":23},"end":{"line":48,"column":1}},"6":{"start":{"line":50,"column":22},"end":{"line":57,"column":1}},"7":{"start":{"line":59,"column":26},"end":{"line":61,"column":1}},"8":{"start":{"line":63,"column":27},"end":{"line":65,"column":1}},"9":{"start":{"line":67,"column":21},"end":{"line":70,"column":1}}},"fnMap":{},"branchMap":{},"s":{"0":2,"1":2,"2":2,"3":2,"4":2,"5":2,"6":2,"7":2,"8":2,"9":2},"f":{},"b":{},"_coverageSchema":"1a1c01bbd47fc00a2c39e90264f33305004495a9","hash":"92855e124b0c7945b67efe4b10bee9958bedf536"}
,"C:\\Users\\Gustavo\\Documents\\repos\\recrutamento-compasso-react-native\\src\\components\\NewsList\\NewsList.tsx": {"path":"C:\\Users\\Gustavo\\Documents\\repos\\recrutamento-compasso-react-native\\src\\components\\NewsList\\NewsList.tsx","statementMap":{"0":{"start":{"line":11,"column":28},"end":{"line":13,"column":1}},"1":{"start":{"line":12,"column":2},"end":{"line":12,"column":82}},"2":{"start":{"line":12,"column":52},"end":{"line":12,"column":79}},"3":{"start":{"line":15,"column":24},"end":{"line":73,"column":1}},"4":{"start":{"line":16,"column":19},"end":{"line":16,"column":32}},"5":{"start":{"line":17,"column":19},"end":{"line":17,"column":64}},"6":{"start":{"line":17,"column":52},"end":{"line":17,"column":63}},"7":{"start":{"line":18,"column":41},"end":{"line":18,"column":49}},"8":{"start":{"line":20,"column":2},"end":{"line":22,"column":17}},"9":{"start":{"line":21,"column":4},"end":{"line":21,"column":44}},"10":{"start":{"line":24,"column":25},"end":{"line":28,"column":3}},"11":{"start":{"line":25,"column":4},"end":{"line":27,"column":5}},"12":{"start":{"line":26,"column":6},"end":{"line":26,"column":56}},"13":{"start":{"line":30,"column":24},"end":{"line":33,"column":3}},"14":{"start":{"line":31,"column":4},"end":{"line":31,"column":52}},"15":{"start":{"line":32,"column":4},"end":{"line":32,"column":52}},"16":{"start":{"line":35,"column":24},"end":{"line":37,"column":3}},"17":{"start":{"line":36,"column":4},"end":{"line":36,"column":44}},"18":{"start":{"line":39,"column":23},"end":{"line":39,"column":86}},"19":{"start":{"line":39,"column":29},"end":{"line":39,"column":86}},"20":{"start":{"line":41,"column":24},"end":{"line":41,"column":114}},"21":{"start":{"line":41,"column":30},"end":{"line":41,"column":114}},"22":{"start":{"line":43,"column":22},"end":{"line":49,"column":3}},"23":{"start":{"line":44,"column":4},"end":{"line":48,"column":21}},"24":{"start":{"line":45,"column":29},"end":{"line":45,"column":44}},"25":{"start":{"line":51,"column":21},"end":{"line":58,"column":3}},"26":{"start":{"line":52,"column":35},"end":{"line":52,"column":39}},"27":{"start":{"line":53,"column":4},"end":{"line":57,"column":6}},"28":{"start":{"line":54,"column":27},"end":{"line":54,"column":46}},"29":{"start":{"line":60,"column":21},"end":{"line":70,"column":3}},"30":{"start":{"line":61,"column":4},"end":{"line":69,"column":6}},"31":{"start":{"line":63,"column":36},"end":{"line":63,"column":44}},"32":{"start":{"line":72,"column":2},"end":{"line":72,"column":46}}},"fnMap":{"0":{"name":"(anonymous_0)","decl":{"start":{"line":11,"column":28},"end":{"line":11,"column":29}},"loc":{"start":{"line":11,"column":51},"end":{"line":13,"column":1}},"line":11},"1":{"name":"(anonymous_1)","decl":{"start":{"line":12,"column":18},"end":{"line":12,"column":19}},"loc":{"start":{"line":12,"column":52},"end":{"line":12,"column":79}},"line":12},"2":{"name":"(anonymous_2)","decl":{"start":{"line":15,"column":24},"end":{"line":15,"column":25}},"loc":{"start":{"line":15,"column":30},"end":{"line":73,"column":1}},"line":15},"3":{"name":"(anonymous_3)","decl":{"start":{"line":17,"column":31},"end":{"line":17,"column":32}},"loc":{"start":{"line":17,"column":52},"end":{"line":17,"column":63}},"line":17},"4":{"name":"(anonymous_4)","decl":{"start":{"line":20,"column":12},"end":{"line":20,"column":13}},"loc":{"start":{"line":20,"column":18},"end":{"line":22,"column":3}},"line":20},"5":{"name":"(anonymous_5)","decl":{"start":{"line":24,"column":25},"end":{"line":24,"column":26}},"loc":{"start":{"line":24,"column":31},"end":{"line":28,"column":3}},"line":24},"6":{"name":"(anonymous_6)","decl":{"start":{"line":30,"column":24},"end":{"line":30,"column":25}},"loc":{"start":{"line":30,"column":39},"end":{"line":33,"column":3}},"line":30},"7":{"name":"(anonymous_7)","decl":{"start":{"line":35,"column":24},"end":{"line":35,"column":25}},"loc":{"start":{"line":35,"column":30},"end":{"line":37,"column":3}},"line":35},"8":{"name":"(anonymous_8)","decl":{"start":{"line":39,"column":23},"end":{"line":39,"column":24}},"loc":{"start":{"line":39,"column":29},"end":{"line":39,"column":86}},"line":39},"9":{"name":"(anonymous_9)","decl":{"start":{"line":41,"column":24},"end":{"line":41,"column":25}},"loc":{"start":{"line":41,"column":30},"end":{"line":41,"column":114}},"line":41},"10":{"name":"(anonymous_10)","decl":{"start":{"line":43,"column":22},"end":{"line":43,"column":23}},"loc":{"start":{"line":44,"column":4},"end":{"line":48,"column":21}},"line":44},"11":{"name":"(anonymous_11)","decl":{"start":{"line":45,"column":23},"end":{"line":45,"column":24}},"loc":{"start":{"line":45,"column":29},"end":{"line":45,"column":44}},"line":45},"12":{"name":"(anonymous_12)","decl":{"start":{"line":51,"column":21},"end":{"line":51,"column":22}},"loc":{"start":{"line":51,"column":44},"end":{"line":58,"column":3}},"line":51},"13":{"name":"(anonymous_13)","decl":{"start":{"line":54,"column":21},"end":{"line":54,"column":22}},"loc":{"start":{"line":54,"column":27},"end":{"line":54,"column":46}},"line":54},"14":{"name":"(anonymous_14)","decl":{"start":{"line":60,"column":21},"end":{"line":60,"column":22}},"loc":{"start":{"line":61,"column":4},"end":{"line":69,"column":6}},"line":61},"15":{"name":"(anonymous_15)","decl":{"start":{"line":63,"column":20},"end":{"line":63,"column":21}},"loc":{"start":{"line":63,"column":36},"end":{"line":63,"column":44}},"line":63}},"branchMap":{"0":{"loc":{"start":{"line":25,"column":4},"end":{"line":27,"column":5}},"type":"if","locations":[{"start":{"line":25,"column":4},"end":{"line":27,"column":5}},{"start":{"line":25,"column":4},"end":{"line":27,"column":5}}],"line":25},"1":{"loc":{"start":{"line":25,"column":8},"end":{"line":25,"column":39}},"type":"binary-expr","locations":[{"start":{"line":25,"column":8},"end":{"line":25,"column":16}},{"start":{"line":25,"column":20},"end":{"line":25,"column":39}}],"line":25},"2":{"loc":{"start":{"line":39,"column":29},"end":{"line":39,"column":86}},"type":"cond-expr","locations":[{"start":{"line":39,"column":39},"end":{"line":39,"column":79}},{"start":{"line":39,"column":82},"end":{"line":39,"column":86}}],"line":39},"3":{"loc":{"start":{"line":72,"column":9},"end":{"line":72,"column":45}},"type":"cond-expr","locations":[{"start":{"line":72,"column":17},"end":{"line":72,"column":30}},{"start":{"line":72,"column":33},"end":{"line":72,"column":45}}],"line":72}},"s":{"0":2,"1":0,"2":0,"3":2,"4":7,"5":7,"6":15,"7":7,"8":7,"9":6,"10":7,"11":0,"12":0,"13":7,"14":1,"15":1,"16":7,"17":0,"18":7,"19":5,"20":7,"21":5,"22":7,"23":2,"24":0,"25":7,"26":4,"27":4,"28":1,"29":7,"30":5,"31":4,"32":7},"f":{"0":0,"1":0,"2":7,"3":15,"4":6,"5":0,"6":1,"7":0,"8":5,"9":5,"10":2,"11":0,"12":4,"13":1,"14":5,"15":4},"b":{"0":[0,0],"1":[0,0],"2":[1,4],"3":[2,5]},"_coverageSchema":"1a1c01bbd47fc00a2c39e90264f33305004495a9","hash":"1713cefd61ee357fe003ede9f719b7cd3653b844"}
,"C:\\Users\\Gustavo\\Documents\\repos\\recrutamento-compasso-react-native\\src\\components\\NewsList\\styles.ts": {"path":"C:\\Users\\Gustavo\\Documents\\repos\\recrutamento-compasso-react-native\\src\\components\\NewsList\\styles.ts","statementMap":{"0":{"start":{"line":3,"column":20},"end":{"line":11,"column":1}},"1":{"start":{"line":13,"column":25},"end":{"line":16,"column":1}},"2":{"start":{"line":18,"column":30},"end":{"line":25,"column":1}},"3":{"start":{"line":27,"column":22},"end":{"line":32,"column":1}},"4":{"start":{"line":34,"column":27},"end":{"line":38,"column":1}},"5":{"start":{"line":40,"column":27},"end":{"line":46,"column":1}}},"fnMap":{},"branchMap":{},"s":{"0":2,"1":2,"2":2,"3":2,"4":2,"5":2},"f":{},"b":{},"_coverageSchema":"1a1c01bbd47fc00a2c39e90264f33305004495a9","hash":"01bd6899e9f2142d230c3b88ba808b1ddabd58df"}
,"C:\\Users\\Gustavo\\Documents\\repos\\recrutamento-compasso-react-native\\src\\components\\NewsList\\types.ts": {"path":"C:\\Users\\Gustavo\\Documents\\repos\\recrutamento-compasso-react-native\\src\\components\\NewsList\\types.ts","statementMap":{},"fnMap":{},"branchMap":{},"s":{},"f":{},"b":{}}
,"C:\\Users\\Gustavo\\Documents\\repos\\recrutamento-compasso-react-native\\src\\redux\\store.ts": {"path":"C:\\Users\\Gustavo\\Documents\\repos\\recrutamento-compasso-react-native\\src\\redux\\store.ts","statementMap":{"0":{"start":{"line":9,"column":14},"end":{"line":11,"column":1}},"1":{"start":{"line":13,"column":17},"end":{"line":13,"column":39}},"2":{"start":{"line":15,"column":24},"end":{"line":18,"column":2}},"3":{"start":{"line":20,"column":23},"end":{"line":29,"column":1}},"4":{"start":{"line":21,"column":25},"end":{"line":21,"column":73}},"5":{"start":{"line":22,"column":21},"end":{"line":22,"column":37}},"6":{"start":{"line":23,"column":16},"end":{"line":26,"column":3}},"7":{"start":{"line":27,"column":2},"end":{"line":27,"column":31}},"8":{"start":{"line":28,"column":2},"end":{"line":28,"column":15}},"9":{"start":{"line":31,"column":21},"end":{"line":31,"column":37}}},"fnMap":{"0":{"name":"(anonymous_0)","decl":{"start":{"line":20,"column":23},"end":{"line":20,"column":24}},"loc":{"start":{"line":20,"column":29},"end":{"line":29,"column":1}},"line":20}},"branchMap":{},"s":{"0":5,"1":5,"2":5,"3":5,"4":5,"5":5,"6":5,"7":5,"8":5,"9":5},"f":{"0":5},"b":{},"_coverageSchema":"1a1c01bbd47fc00a2c39e90264f33305004495a9","hash":"f5ea62218dd41adbc363ae0fcc95eb4db315bdcf"}
,"C:\\Users\\Gustavo\\Documents\\repos\\recrutamento-compasso-react-native\\src\\redux\\modal\\actions.ts": {"path":"C:\\Users\\Gustavo\\Documents\\repos\\recrutamento-compasso-react-native\\src\\redux\\modal\\actions.ts","statementMap":{"0":{"start":{"line":3,"column":34},"end":{"line":3,"column":87}},"1":{"start":{"line":3,"column":54},"end":{"line":3,"column":86}},"2":{"start":{"line":4,"column":34},"end":{"line":4,"column":84}},"3":{"start":{"line":4,"column":51},"end":{"line":4,"column":83}}},"fnMap":{"0":{"name":"(anonymous_0)","decl":{"start":{"line":3,"column":34},"end":{"line":3,"column":35}},"loc":{"start":{"line":3,"column":54},"end":{"line":3,"column":86}},"line":3},"1":{"name":"(anonymous_1)","decl":{"start":{"line":4,"column":34},"end":{"line":4,"column":35}},"loc":{"start":{"line":4,"column":51},"end":{"line":4,"column":83}},"line":4}},"branchMap":{},"s":{"0":6,"1":44,"2":6,"3":39},"f":{"0":44,"1":39},"b":{},"_coverageSchema":"1a1c01bbd47fc00a2c39e90264f33305004495a9","hash":"601497e73bcf0227497f458251b5772ccf3f7a21"}
,"C:\\Users\\Gustavo\\Documents\\repos\\recrutamento-compasso-react-native\\src\\redux\\modal\\reducer.ts": {"path":"C:\\Users\\Gustavo\\Documents\\repos\\recrutamento-compasso-react-native\\src\\redux\\modal\\reducer.ts","statementMap":{"0":{"start":{"line":4,"column":40},"end":{"line":14,"column":1}},"1":{"start":{"line":16,"column":21},"end":{"line":31,"column":1}},"2":{"start":{"line":17,"column":2},"end":{"line":30,"column":3}},"3":{"start":{"line":19,"column":6},"end":{"line":22,"column":8}},"4":{"start":{"line":24,"column":6},"end":{"line":27,"column":8}},"5":{"start":{"line":29,"column":6},"end":{"line":29,"column":19}}},"fnMap":{"0":{"name":"(anonymous_0)","decl":{"start":{"line":16,"column":21},"end":{"line":16,"column":22}},"loc":{"start":{"line":16,"column":71},"end":{"line":31,"column":1}},"line":16}},"branchMap":{"0":{"loc":{"start":{"line":16,"column":22},"end":{"line":16,"column":42}},"type":"default-arg","locations":[{"start":{"line":16,"column":30},"end":{"line":16,"column":42}}],"line":16},"1":{"loc":{"start":{"line":17,"column":2},"end":{"line":30,"column":3}},"type":"switch","locations":[{"start":{"line":18,"column":4},"end":{"line":22,"column":8}},{"start":{"line":23,"column":4},"end":{"line":27,"column":8}},{"start":{"line":28,"column":4},"end":{"line":29,"column":19}}],"line":17}},"s":{"0":6,"1":6,"2":38,"3":2,"4":1,"5":35},"f":{"0":38},"b":{"0":[26],"1":[2,1,35]},"_coverageSchema":"1a1c01bbd47fc00a2c39e90264f33305004495a9","hash":"7e97bac7be2c93f29b371f02fefe76134753cd2f"}
,"C:\\Users\\Gustavo\\Documents\\repos\\recrutamento-compasso-react-native\\src\\redux\\modal\\types.ts": {"path":"C:\\Users\\Gustavo\\Documents\\repos\\recrutamento-compasso-react-native\\src\\redux\\modal\\types.ts","statementMap":{},"fnMap":{},"branchMap":{},"s":{},"f":{},"b":{}}
,"C:\\Users\\Gustavo\\Documents\\repos\\recrutamento-compasso-react-native\\src\\redux\\news\\actions.ts": {"path":"C:\\Users\\Gustavo\\Documents\\repos\\recrutamento-compasso-react-native\\src\\redux\\news\\actions.ts","statementMap":{"0":{"start":{"line":3,"column":31},"end":{"line":3,"column":61}},"1":{"start":{"line":3,"column":38},"end":{"line":3,"column":60}},"2":{"start":{"line":4,"column":31},"end":{"line":4,"column":61}},"3":{"start":{"line":4,"column":38},"end":{"line":4,"column":60}},"4":{"start":{"line":5,"column":38},"end":{"line":5,"column":106}},"5":{"start":{"line":5,"column":65},"end":{"line":5,"column":105}},"6":{"start":{"line":6,"column":36},"end":{"line":6,"column":72}},"7":{"start":{"line":6,"column":43},"end":{"line":6,"column":71}},"8":{"start":{"line":7,"column":33},"end":{"line":7,"column":83}},"9":{"start":{"line":7,"column":51},"end":{"line":7,"column":82}},"10":{"start":{"line":8,"column":35},"end":{"line":8,"column":91}},"11":{"start":{"line":8,"column":55},"end":{"line":8,"column":90}}},"fnMap":{"0":{"name":"(anonymous_0)","decl":{"start":{"line":3,"column":31},"end":{"line":3,"column":32}},"loc":{"start":{"line":3,"column":38},"end":{"line":3,"column":60}},"line":3},"1":{"name":"(anonymous_1)","decl":{"start":{"line":4,"column":31},"end":{"line":4,"column":32}},"loc":{"start":{"line":4,"column":38},"end":{"line":4,"column":60}},"line":4},"2":{"name":"(anonymous_2)","decl":{"start":{"line":5,"column":38},"end":{"line":5,"column":39}},"loc":{"start":{"line":5,"column":65},"end":{"line":5,"column":105}},"line":5},"3":{"name":"(anonymous_3)","decl":{"start":{"line":6,"column":36},"end":{"line":6,"column":37}},"loc":{"start":{"line":6,"column":43},"end":{"line":6,"column":71}},"line":6},"4":{"name":"(anonymous_4)","decl":{"start":{"line":7,"column":33},"end":{"line":7,"column":34}},"loc":{"start":{"line":7,"column":51},"end":{"line":7,"column":82}},"line":7},"5":{"name":"(anonymous_5)","decl":{"start":{"line":8,"column":35},"end":{"line":8,"column":36}},"loc":{"start":{"line":8,"column":55},"end":{"line":8,"column":90}},"line":8}},"branchMap":{},"s":{"0":6,"1":51,"2":6,"3":61,"4":6,"5":41,"6":6,"7":41,"8":6,"9":43,"10":6,"11":44},"f":{"0":51,"1":61,"2":41,"3":41,"4":43,"5":44},"b":{},"_coverageSchema":"1a1c01bbd47fc00a2c39e90264f33305004495a9","hash":"18892dda495a027282d5bf5314525dc9c44d81ec"}
,"C:\\Users\\Gustavo\\Documents\\repos\\recrutamento-compasso-react-native\\src\\redux\\news\\epics.ts": {"path":"C:\\Users\\Gustavo\\Documents\\repos\\recrutamento-compasso-react-native\\src\\redux\\news\\epics.ts","statementMap":{"0":{"start":{"line":7,"column":22},"end":{"line":15,"column":1}},"1":{"start":{"line":8,"column":22},"end":{"line":8,"column":49}},"2":{"start":{"line":9,"column":27},"end":{"line":9,"column":38}},"3":{"start":{"line":10,"column":2},"end":{"line":14,"column":4}},"4":{"start":{"line":17,"column":29},"end":{"line":28,"column":2}},"5":{"start":{"line":18,"column":2},"end":{"line":28,"column":1}},"6":{"start":{"line":20,"column":19},"end":{"line":27,"column":3}},"7":{"start":{"line":21,"column":32},"end":{"line":23,"column":5}},"8":{"start":{"line":24,"column":21},"end":{"line":26,"column":5}},"9":{"start":{"line":30,"column":31},"end":{"line":35,"column":1}},"10":{"start":{"line":31,"column":2},"end":{"line":34,"column":3}},"11":{"start":{"line":33,"column":19},"end":{"line":33,"column":48}},"12":{"start":{"line":37,"column":33},"end":{"line":44,"column":1}},"13":{"start":{"line":38,"column":2},"end":{"line":43,"column":3}},"14":{"start":{"line":40,"column":19},"end":{"line":42,"column":5}},"15":{"start":{"line":46,"column":35},"end":{"line":53,"column":1}},"16":{"start":{"line":47,"column":2},"end":{"line":52,"column":3}},"17":{"start":{"line":49,"column":19},"end":{"line":51,"column":5}}},"fnMap":{"0":{"name":"(anonymous_0)","decl":{"start":{"line":7,"column":22},"end":{"line":7,"column":23}},"loc":{"start":{"line":7,"column":34},"end":{"line":15,"column":1}},"line":7},"1":{"name":"(anonymous_1)","decl":{"start":{"line":17,"column":29},"end":{"line":17,"column":30}},"loc":{"start":{"line":18,"column":2},"end":{"line":28,"column":1}},"line":18},"2":{"name":"(anonymous_2)","decl":{"start":{"line":20,"column":13},"end":{"line":20,"column":14}},"loc":{"start":{"line":20,"column":19},"end":{"line":27,"column":3}},"line":20},"3":{"name":"(anonymous_3)","decl":{"start":{"line":21,"column":13},"end":{"line":21,"column":14}},"loc":{"start":{"line":21,"column":32},"end":{"line":23,"column":5}},"line":21},"4":{"name":"(anonymous_4)","decl":{"start":{"line":24,"column":15},"end":{"line":24,"column":16}},"loc":{"start":{"line":24,"column":21},"end":{"line":26,"column":5}},"line":24},"5":{"name":"(anonymous_5)","decl":{"start":{"line":30,"column":31},"end":{"line":30,"column":32}},"loc":{"start":{"line":31,"column":2},"end":{"line":34,"column":3}},"line":31},"6":{"name":"(anonymous_6)","decl":{"start":{"line":33,"column":13},"end":{"line":33,"column":14}},"loc":{"start":{"line":33,"column":19},"end":{"line":33,"column":48}},"line":33},"7":{"name":"(anonymous_7)","decl":{"start":{"line":37,"column":33},"end":{"line":37,"column":34}},"loc":{"start":{"line":38,"column":2},"end":{"line":43,"column":3}},"line":38},"8":{"name":"(anonymous_8)","decl":{"start":{"line":40,"column":13},"end":{"line":40,"column":14}},"loc":{"start":{"line":40,"column":19},"end":{"line":42,"column":5}},"line":40},"9":{"name":"(anonymous_9)","decl":{"start":{"line":46,"column":35},"end":{"line":46,"column":36}},"loc":{"start":{"line":47,"column":2},"end":{"line":52,"column":3}},"line":47},"10":{"name":"(anonymous_10)","decl":{"start":{"line":49,"column":13},"end":{"line":49,"column":14}},"loc":{"start":{"line":49,"column":19},"end":{"line":51,"column":5}},"line":49}},"branchMap":{},"s":{"0":5,"1":3,"2":3,"3":3,"4":5,"5":7,"6":3,"7":1,"8":2,"9":5,"10":6,"11":1,"12":5,"13":6,"14":1,"15":5,"16":6,"17":1},"f":{"0":3,"1":7,"2":3,"3":1,"4":2,"5":6,"6":1,"7":6,"8":1,"9":6,"10":1},"b":{},"_coverageSchema":"1a1c01bbd47fc00a2c39e90264f33305004495a9","hash":"90447023c57caf663488d6f4058abbd998aa24b2"}
,"C:\\Users\\Gustavo\\Documents\\repos\\recrutamento-compasso-react-native\\src\\redux\\news\\reducer.ts": {"path":"C:\\Users\\Gustavo\\Documents\\repos\\recrutamento-compasso-react-native\\src\\redux\\news\\reducer.ts","statementMap":{"0":{"start":{"line":4,"column":39},"end":{"line":10,"column":1}},"1":{"start":{"line":12,"column":28},"end":{"line":14,"column":1}},"2":{"start":{"line":13,"column":2},"end":{"line":13,"column":120}},"3":{"start":{"line":13,"column":71},"end":{"line":13,"column":117}},"4":{"start":{"line":16,"column":20},"end":{"line":55,"column":1}},"5":{"start":{"line":17,"column":2},"end":{"line":54,"column":3}},"6":{"start":{"line":19,"column":6},"end":{"line":22,"column":8}},"7":{"start":{"line":24,"column":6},"end":{"line":28,"column":8}},"8":{"start":{"line":30,"column":6},"end":{"line":35,"column":8}},"9":{"start":{"line":37,"column":6},"end":{"line":41,"column":8}},"10":{"start":{"line":43,"column":6},"end":{"line":46,"column":8}},"11":{"start":{"line":48,"column":6},"end":{"line":51,"column":8}},"12":{"start":{"line":53,"column":6},"end":{"line":53,"column":19}}},"fnMap":{"0":{"name":"(anonymous_0)","decl":{"start":{"line":12,"column":28},"end":{"line":12,"column":29}},"loc":{"start":{"line":12,"column":51},"end":{"line":14,"column":1}},"line":12},"1":{"name":"(anonymous_1)","decl":{"start":{"line":13,"column":18},"end":{"line":13,"column":19}},"loc":{"start":{"line":13,"column":71},"end":{"line":13,"column":117}},"line":13},"2":{"name":"(anonymous_2)","decl":{"start":{"line":16,"column":20},"end":{"line":16,"column":21}},"loc":{"start":{"line":16,"column":69},"end":{"line":55,"column":1}},"line":16}},"branchMap":{"0":{"loc":{"start":{"line":16,"column":21},"end":{"line":16,"column":41}},"type":"default-arg","locations":[{"start":{"line":16,"column":29},"end":{"line":16,"column":41}}],"line":16},"1":{"loc":{"start":{"line":17,"column":2},"end":{"line":54,"column":3}},"type":"switch","locations":[{"start":{"line":18,"column":4},"end":{"line":22,"column":8}},{"start":{"line":23,"column":4},"end":{"line":28,"column":8}},{"start":{"line":29,"column":4},"end":{"line":35,"column":8}},{"start":{"line":36,"column":4},"end":{"line":41,"column":8}},{"start":{"line":42,"column":4},"end":{"line":46,"column":8}},{"start":{"line":47,"column":4},"end":{"line":51,"column":8}},{"start":{"line":52,"column":4},"end":{"line":53,"column":19}}],"line":17}},"s":{"0":6,"1":6,"2":1,"3":1,"4":6,"5":41,"6":1,"7":2,"8":1,"9":2,"10":1,"11":1,"12":33},"f":{"0":1,"1":1,"2":41},"b":{"0":[26],"1":[1,2,1,2,1,1,33]},"_coverageSchema":"1a1c01bbd47fc00a2c39e90264f33305004495a9","hash":"b54e684c644f04cc03bacd6678d9b45baeddad13"}
,"C:\\Users\\Gustavo\\Documents\\repos\\recrutamento-compasso-react-native\\src\\redux\\news\\types.ts": {"path":"C:\\Users\\Gustavo\\Documents\\repos\\recrutamento-compasso-react-native\\src\\redux\\news\\types.ts","statementMap":{},"fnMap":{},"branchMap":{},"s":{},"f":{},"b":{}}
}
