TN:
SF:src\App.tsx
FN:10,(anonymous_0)
FNF:1
FNH:1
FNDA:1,(anonymous_0)
DA:10,1
DA:11,1
DA:23,1
LF:3
LH:3
BRF:0
BRH:0
end_of_record
TN:
SF:src\constants.ts
FNF:0
FNH:0
DA:1,5
DA:3,5
DA:5,5
LF:3
LH:3
BRF:0
BRH:0
end_of_record
TN:
SF:src\components\Header\Header.tsx
FN:7,(anonymous_0)
FN:9,(anonymous_1)
FN:13,(anonymous_2)
FN:14,(anonymous_3)
FNF:4
FNH:4
FNDA:4,(anonymous_0)
FNDA:9,(anonymous_1)
FNDA:8,(anonymous_2)
FNDA:1,(anonymous_3)
DA:7,2
DA:8,4
DA:9,9
DA:10,4
DA:11,4
DA:14,8
LF:6
LH:6
BRF:0
BRH:0
end_of_record
TN:
SF:src\components\Header\styles.ts
FN:14,(anonymous_0)
FN:19,(anonymous_1)
FNF:2
FNH:2
FNDA:8,(anonymous_0)
FNDA:8,(anonymous_1)
DA:3,2
DA:8,2
DA:14,8
DA:18,2
DA:19,8
LF:5
LH:5
BRDA:14,0,0,4
BRDA:14,0,1,4
BRDA:19,1,0,4
BRDA:19,1,1,4
BRF:4
BRH:4
end_of_record
TN:
SF:src\components\NewsDetails\NewsDetails.tsx
FN:7,(anonymous_0)
FN:9,(anonymous_1)
FN:13,(anonymous_2)
FN:17,(anonymous_3)
FNF:4
FNH:4
FNDA:5,(anonymous_0)
FNDA:12,(anonymous_1)
FNDA:1,(anonymous_2)
FNDA:1,(anonymous_3)
DA:7,2
DA:8,5
DA:9,12
DA:10,5
DA:11,5
DA:13,5
DA:14,1
DA:17,5
DA:18,1
DA:21,5
DA:22,2
DA:25,3
LF:12
LH:12
BRDA:21,0,0,2
BRDA:21,0,1,3
BRF:2
BRH:2
end_of_record
TN:
SF:src\components\NewsDetails\styles.ts
FNF:0
FNH:0
DA:4,2
DA:20,2
DA:29,2
DA:33,2
DA:39,2
DA:44,2
DA:50,2
DA:59,2
DA:63,2
DA:67,2
LF:10
LH:10
BRF:0
BRH:0
end_of_record
TN:
SF:src\components\NewsList\NewsList.tsx
FN:11,(anonymous_0)
FN:13,(anonymous_1)
FN:16,(anonymous_2)
FN:20,(anonymous_3)
FN:26,(anonymous_4)
FN:31,(anonymous_5)
FN:35,(anonymous_6)
FN:37,(anonymous_7)
FN:39,(anonymous_8)
FN:41,(anonymous_9)
FN:47,(anonymous_10)
FN:49,(anonymous_11)
FN:51,(anonymous_12)
FN:58,(anonymous_13)
FN:61,(anonymous_14)
FNF:15
FNH:15
FNDA:9,(anonymous_0)
FNDA:19,(anonymous_1)
FNDA:8,(anonymous_2)
FNDA:2,(anonymous_3)
FNDA:1,(anonymous_4)
FNDA:1,(anonymous_5)
FNDA:7,(anonymous_6)
FNDA:7,(anonymous_7)
FNDA:2,(anonymous_8)
FNDA:1,(anonymous_9)
FNDA:12,(anonymous_10)
FNDA:6,(anonymous_11)
FNDA:1,(anonymous_12)
FNDA:7,(anonymous_13)
FNDA:12,(anonymous_14)
DA:11,2
DA:12,9
DA:13,19
DA:14,9
DA:16,9
DA:17,8
DA:20,9
DA:21,2
DA:22,1
DA:26,9
DA:27,1
DA:28,1
DA:31,9
DA:32,1
DA:35,9
DA:37,9
DA:39,9
DA:40,2
DA:41,1
DA:47,9
DA:48,12
DA:49,12
DA:50,12
DA:51,1
DA:58,9
DA:59,7
DA:61,12
DA:71,9
LF:28
LH:28
BRDA:21,0,0,1
BRDA:21,0,1,1
BRDA:21,1,0,2
BRDA:21,1,1,2
BRDA:35,2,0,1
BRDA:35,2,1,6
BRDA:52,3,0,12
BRDA:52,3,1,6
BRDA:71,4,0,2
BRDA:71,4,1,7
BRF:10
BRH:10
end_of_record
TN:
SF:src\components\NewsList\styles.ts
FNF:0
FNH:0
DA:3,2
DA:16,2
DA:23,2
DA:28,2
DA:37,2
DA:44,2
DA:50,2
LF:7
LH:7
BRF:0
BRH:0
end_of_record
TN:
SF:src\components\NewsList\types.ts
FNF:0
FNH:0
LF:0
LH:0
BRF:0
BRH:0
end_of_record
TN:
SF:src\redux\store.ts
FN:20,(anonymous_0)
FNF:1
FNH:1
FNDA:5,(anonymous_0)
DA:9,5
DA:13,5
DA:15,5
DA:20,5
DA:21,5
DA:22,5
DA:23,5
DA:27,5
DA:28,5
DA:31,5
LF:10
LH:10
BRF:0
BRH:0
end_of_record
TN:
SF:src\redux\modal\actions.ts
FN:3,(anonymous_0)
FN:4,(anonymous_1)
FNF:2
FNH:2
FNDA:46,(anonymous_0)
FNDA:41,(anonymous_1)
DA:3,46
DA:4,41
LF:2
LH:2
BRF:0
BRH:0
end_of_record
TN:
SF:src\redux\modal\reducer.ts
FN:16,(anonymous_0)
FNF:1
FNH:1
FNDA:40,(anonymous_0)
DA:4,6
DA:16,6
DA:17,40
DA:19,2
DA:24,1
DA:29,37
LF:6
LH:6
BRDA:16,0,0,28
BRDA:17,1,0,2
BRDA:17,1,1,1
BRDA:17,1,2,37
BRF:4
BRH:4
end_of_record
TN:
SF:src\redux\modal\types.ts
FNF:0
FNH:0
LF:0
LH:0
BRF:0
BRH:0
end_of_record
TN:
SF:src\redux\news\actions.ts
FN:3,(anonymous_0)
FN:4,(anonymous_1)
FN:5,(anonymous_2)
FN:6,(anonymous_3)
FN:7,(anonymous_4)
FN:8,(anonymous_5)
FNF:6
FNH:6
FNDA:55,(anonymous_0)
FNDA:65,(anonymous_1)
FNDA:43,(anonymous_2)
FNDA:43,(anonymous_3)
FNDA:47,(anonymous_4)
FNDA:46,(anonymous_5)
DA:3,55
DA:4,65
DA:5,43
DA:6,43
DA:7,47
DA:8,46
LF:6
LH:6
BRF:0
BRH:0
end_of_record
TN:
SF:src\redux\news\epics.ts
FN:7,(anonymous_0)
FN:17,(anonymous_1)
FN:20,(anonymous_2)
FN:21,(anonymous_3)
FN:24,(anonymous_4)
FN:30,(anonymous_5)
FN:33,(anonymous_6)
FN:37,(anonymous_7)
FN:40,(anonymous_8)
FN:46,(anonymous_9)
FN:49,(anonymous_10)
FNF:11
FNH:11
FNDA:3,(anonymous_0)
FNDA:7,(anonymous_1)
FNDA:3,(anonymous_2)
FNDA:1,(anonymous_3)
FNDA:2,(anonymous_4)
FNDA:6,(anonymous_5)
FNDA:1,(anonymous_6)
FNDA:6,(anonymous_7)
FNDA:1,(anonymous_8)
FNDA:6,(anonymous_9)
FNDA:1,(anonymous_10)
DA:7,5
DA:8,3
DA:9,3
DA:10,3
DA:17,5
DA:18,7
DA:20,3
DA:21,1
DA:24,2
DA:30,5
DA:31,6
DA:33,1
DA:37,5
DA:38,6
DA:40,1
DA:46,5
DA:47,6
DA:49,1
LF:18
LH:18
BRF:0
BRH:0
end_of_record
TN:
SF:src\redux\news\reducer.ts
FN:12,(anonymous_0)
FN:13,(anonymous_1)
FN:16,(anonymous_2)
FNF:3
FNH:3
FNDA:1,(anonymous_0)
FNDA:2,(anonymous_1)
FNDA:43,(anonymous_2)
DA:4,6
DA:12,6
DA:13,2
DA:16,6
DA:17,43
DA:19,1
DA:24,2
DA:30,1
DA:37,2
DA:43,1
DA:48,1
DA:53,35
LF:12
LH:12
BRDA:13,0,0,1
BRDA:16,1,0,26
BRDA:17,2,0,1
BRDA:17,2,1,2
BRDA:17,2,2,1
BRDA:17,2,3,2
BRDA:17,2,4,1
BRDA:17,2,5,1
BRDA:17,2,6,35
BRF:9
BRH:9
end_of_record
TN:
SF:src\redux\news\types.ts
FNF:0
FNH:0
LF:0
LH:0
BRF:0
BRH:0
end_of_record
